Build started 16/02/2016 12:23:50.
     1>Project "C:\Users\Christian\Desktop\astar\A-Algorithim\dataStructures2\dataStructures2\dataStructures2.vcxproj" on node 2 (Build target(s)).
     1>ClCompile:
         C:\Program Files (x86)\Microsoft Visual Studio 12.0\VC\bin\CL.exe /c /I"C:\SFML-2.3.2\include" /ZI /nologo /W3 /WX- /sdl /Od /Oy- /D WIN32 /D _DEBUG /D _CONSOLE /D _LIB /D _UNICODE /D UNICODE /Gm /EHsc /RTC1 /MDd /GS /fp:precise /Zc:wchar_t /Zc:forScope /Yu"stdafx.h" /Fp"Debug\dataStructures2.pch" /Fo"Debug\\" /Fd"Debug\vc120.pdb" /Gd /TP /analyze- /errorReport:prompt main.cpp
         main.cpp
     1>c:\users\christian\desktop\astar\a-algorithim\datastructures2\datastructures2\main.cpp(85): warning C4244: 'argument' : conversion from 'int' to 'float', possible loss of data
     1>c:\users\christian\desktop\astar\a-algorithim\datastructures2\datastructures2\main.cpp(87): warning C4244: 'argument' : conversion from 'int' to 'float', possible loss of data
     1>c:\users\christian\desktop\astar\a-algorithim\datastructures2\datastructures2\main.cpp(106): warning C4244: 'argument' : conversion from 'const int' to 'float', possible loss of data
     1>c:\users\christian\desktop\astar\a-algorithim\datastructures2\datastructures2\main.cpp(116): warning C4244: 'argument' : conversion from 'const int' to 'float', possible loss of data
     1>c:\users\christian\desktop\astar\a-algorithim\datastructures2\datastructures2\graph.h(445): warning C4244: 'initializing' : conversion from 'const int' to 'float', possible loss of data
                 c:\users\christian\desktop\astar\a-algorithim\datastructures2\datastructures2\graph.h(436) : while compiling class template member function 'void Graph<std::tuple<std::string,int,int,int,int>,int>::aStar(GraphNode<std::tuple<std::string,int,int,int,int>,int> *,GraphNode<std::tuple<std::string,int,int,int,int>,int> *,void (__cdecl *)(GraphNode<std::tuple<std::string,int,int,int,int>,int> *),std::vector<GraphNode<std::tuple<std::string,int,int,int,int>,int> *,std::allocator<_Ty>> &,int)'
                 with
                 [
                     _Ty=GraphNode<std::tuple<std::string,int,int,int,int>,int> *
                 ]
                 c:\users\christian\desktop\astar\a-algorithim\datastructures2\datastructures2\main.cpp(101) : see reference to function template instantiation 'void Graph<std::tuple<std::string,int,int,int,int>,int>::aStar(GraphNode<std::tuple<std::string,int,int,int,int>,int> *,GraphNode<std::tuple<std::string,int,int,int,int>,int> *,void (__cdecl *)(GraphNode<std::tuple<std::string,int,int,int,int>,int> *),std::vector<GraphNode<std::tuple<std::string,int,int,int,int>,int> *,std::allocator<_Ty>> &,int)' being compiled
                 with
                 [
                     _Ty=GraphNode<std::tuple<std::string,int,int,int,int>,int> *
                 ]
                 c:\users\christian\desktop\astar\a-algorithim\datastructures2\datastructures2\main.cpp(50) : see reference to class template instantiation 'Graph<std::tuple<std::string,int,int,int,int>,int>' being compiled
     1>c:\users\christian\desktop\astar\a-algorithim\datastructures2\datastructures2\graph.h(446): warning C4244: 'initializing' : conversion from 'const int' to 'float', possible loss of data
     1>c:\users\christian\desktop\astar\a-algorithim\datastructures2\datastructures2\graph.h(453): warning C4244: 'initializing' : conversion from 'float' to 'int', possible loss of data
       Link:
         C:\Program Files (x86)\Microsoft Visual Studio 12.0\VC\bin\link.exe /ERRORREPORT:PROMPT /OUT:"C:\Users\Christian\Desktop\astar\A-Algorithim\dataStructures2\Debug\dataStructures2.exe" /INCREMENTAL /NOLOGO /LIBPATH:"C:\SFML-2.3.2\lib" kernel32.lib user32.lib gdi32.lib winspool.lib comdlg32.lib advapi32.lib shell32.lib ole32.lib oleaut32.lib uuid.lib odbc32.lib odbccp32.lib /MANIFEST /MANIFESTUAC:"level='asInvoker' uiAccess='false'" /manifest:embed /DEBUG /PDB:"C:\Users\Christian\Desktop\astar\A-Algorithim\dataStructures2\Debug\dataStructures2.pdb" /SUBSYSTEM:CONSOLE /TLBID:1 /DYNAMICBASE /NXCOMPAT /IMPLIB:"C:\Users\Christian\Desktop\astar\A-Algorithim\dataStructures2\Debug\dataStructures2.lib" /MACHINE:X86 Debug\main.obj
         Debug\stdafx.obj
         dataStructures2.vcxproj -> C:\Users\Christian\Desktop\astar\A-Algorithim\dataStructures2\Debug\dataStructures2.exe
     1>Done Building Project "C:\Users\Christian\Desktop\astar\A-Algorithim\dataStructures2\dataStructures2\dataStructures2.vcxproj" (Build target(s)).

Build succeeded.

Time Elapsed 00:00:01.51
